[35m[Appium][39m Welcome to Appium v2.4.1
[35m[Appium][39m Non-default server args:
[35m[Appium][39m { basePath: [32m'/wd/hub'[39m, loglevel: [32m'info'[39m, port: [33m64826[39m }
[35m[Appium][39m Attempting to load driver uiautomator2...
[35m[Appium][39m Appium REST http interface listener started on http://0.0.0.0:64826/wd/hub
[35m[Appium][39m You can provide the following URLs in your client code to connect to this server:
[35m[Appium][39m 	http://172.22.208.1:64826/wd/hub
[35m[Appium][39m 	http://172.16.213.175:64826/wd/hub
[35m[Appium][39m 	http://127.0.0.1:64826/wd/hub (only accessible from the same host)
[35m[Appium][39m Available drivers:
[35m[Appium][39m   - uiautomator2@3.0.0 (automationName 'UiAutomator2')
[35m[Appium][39m No plugins have been installed. Use the "appium plugin" command to install the one(s) you want to use.
[38;5;0m[HTTP][0m [37m-->[39m [37mGET[39m [37m/wd/hub/status[39m
[38;5;0m[HTTP][0m [90m{}[39m
[38;5;0m[HTTP][0m [37m<-- GET /wd/hub/status [39m[32m200[39m [90m6 ms - 110[39m
[38;5;0m[HTTP][0m [90m[39m
[38;5;0m[HTTP][0m [37m-->[39m [37mGET[39m [37m/wd/hub/status[39m
[38;5;0m[HTTP][0m [90m{}[39m
[38;5;0m[HTTP][0m [37m<-- GET /wd/hub/status [39m[32m200[39m [90m1 ms - 110[39m
[38;5;0m[HTTP][0m [90m[39m
[38;5;0m[HTTP][0m [37m-->[39m [37mPOST[39m [37m/wd/hub/session[39m
[38;5;0m[HTTP][0m [90m{"desiredCapabilities":{"appium:systemPort":64839,"appium:newCommandTimeout":1800,"appium:automationName":"uiautomator2","appium:fullReset":false,"appium:platformVersion":"11","appium:noReset":true,"appium:udid":"HM9TTKIFHEINWCIZ","appium:autoGrantPermissions":true,"appium:platformName":"ANDROID","appium:deviceName":"OPPO CPH2239 (Android 11)","platformName":"Android","appium:app":"C:\\Users\\USER\\Downloads\\Advantage+demo+3.2.apk"},"capabilities":{"firstMatch":[{"appium:app":"C:\\Users\\USER\\Downloads\\Advantage+demo+3.2.apk","appium:autoGrantPermissions":true,"appium:automationName":"uiautomator2","appium:deviceName":"OPPO CPH2239 (Android 11)","appium:fullReset":false,"appium:newCommandTimeout":1800,"appium:noReset":true,"appium:platformName":"ANDROID","appium:platformVersion":"11","appium:systemPort":64839,"appium:udid":"HM9TTKIFHEINWCIZ","platformName":"android"}]}}[39m
[38;5;32m[BaseDriver][0m Ignoring capability 'appium:platformName=ANDROID' and using capability 'platformName=android'
[38;5;32m[BaseDriver][0m The capabilities ["platformName"] are standard capabilities and do not require "appium:" prefix
[35m[Appium][39m Attempting to find matching driver for automationName 'uiautomator2' and platformName 'android'
[35m[Appium][39m The 'uiautomator2' driver was installed and matched caps.
[35m[Appium][39m Will require it at C:\Users\USER\.appium\node_modules\appium-uiautomator2-driver
[38;5;16m[AppiumDriver@ca88][0m Appium v2.4.1 creating new AndroidUiautomator2Driver (v3.0.0) session
[38;5;16m[AppiumDriver@ca88][0m Checking BaseDriver versions for Appium and AndroidUiautomator2Driver
[38;5;16m[AppiumDriver@ca88][0m Appium's BaseDriver version is 9.5.1
[38;5;16m[AppiumDriver@ca88][0m AndroidUiautomator2Driver's BaseDriver version is 9.5.1
[38;5;48m[AndroidUiautomator2Driver@05e4 (9389d37c)][0m Session created with session id: 9389d37c-8f93-4326-bcdc-316b2ef90e31
[38;5;64m[ADB][0m Found 1 'build-tools' folders under 'C:\Users\USER\.katalon\tools\android_sdk' (newest first):
[38;5;64m[ADB][0m     C:\Users\USER\.katalon\tools\android_sdk\build-tools\29.0.3
[38;5;64m[ADB][0m Using 'adb.exe' from 'C:\Users\USER\.katalon\tools\android_sdk\platform-tools\adb.exe'
[38;5;48m[AndroidUiautomator2Driver@05e4 (9389d37c)][0m Retrieving device list
[38;5;48m[AndroidUiautomator2Driver@05e4 (9389d37c)][0m Using device: HM9TTKIFHEINWCIZ
[38;5;64m[ADB][0m Using 'adb.exe' from 'C:\Users\USER\.katalon\tools\android_sdk\platform-tools\adb.exe'
[38;5;32m[BaseDriver][0m Using local app 'C:\Users\USER\Downloads\Advantage+demo+3.2.apk'
[38;5;64m[ADB][0m Getting device platform version
[38;5;48m[AndroidUiautomator2Driver@05e4 (9389d37c)][0m Relaxing hidden api policy
[38;5;64m[ADB][0m Package name: 'com.Advantage.aShopping'
[38;5;64m[ADB][0m Main activity name: 'com.Advantage.aShopping.SplashActivity'
[38;5;64m[ADB][0m Using 'apksigner.jar' from 'C:\Users\USER\.katalon\tools\android_sdk\build-tools\29.0.3\lib\apksigner.jar'
[38;5;64m[ADB][0m 'C:\Users\USER\.appium\node_modules\appium-uiautomator2-driver\node_modules\appium-uiautomator2-server\apks\appium-uiautomator2-server-debug-androidTest.apk' is signed with the default certificate
[38;5;64m[ADB][0m 'C:\Users\USER\Downloads\Advantage+demo+3.2.apk' is signed with a non-default certificate
[38;5;64m[ADB][0m The application at 'C:\Users\USER\Downloads\Advantage+demo+3.2.apk' will not be cached, because the device under test has confirmed the support of streamed installs
[38;5;64m[ADB][0m 'C:\Users\USER\.appium\node_modules\appium-uiautomator2-driver\node_modules\appium-uiautomator2-server\apks\appium-uiautomator2-server-v7.0.0.apk' is signed with the default certificate
[38;5;48m[AndroidUiautomator2Driver@05e4 (9389d37c)][0m Server packages are not going to be (re)installed
[38;5;64m[ADB][0m Adding packages ["io.appium.settings","io.appium.uiautomator2.server","io.appium.uiautomator2.server.test"] to Doze whitelist
[38;5;64m[ADB][0m The installation of 'Advantage+demo+3.2.apk' took 2590ms
[38;5;48m[AndroidUiautomator2Driver@05e4 (9389d37c)][0m Starting UIAutomator2 server 7.0.0
[38;5;48m[AndroidUiautomator2Driver@05e4 (9389d37c)][0m Using UIAutomator2 server from 'C:\Users\USER\.appium\node_modules\appium-uiautomator2-driver\node_modules\appium-uiautomator2-server\apks\appium-uiautomator2-server-v7.0.0.apk' and test from 'C:\Users\USER\.appium\node_modules\appium-uiautomator2-driver\node_modules\appium-uiautomator2-server\apks\appium-uiautomator2-server-debug-androidTest.apk'
[38;5;48m[AndroidUiautomator2Driver@05e4 (9389d37c)][0m Waiting up to 30000ms for UiAutomator2 to be online...
[38;5;48m[AndroidUiautomator2Driver@05e4 (9389d37c)][0m socket hang up
[38;5;48m[AndroidUiautomator2Driver@05e4 (9389d37c)][0m socket hang up
[38;5;48m[AndroidUiautomator2Driver@05e4 (9389d37c)][0m socket hang up
[38;5;48m[AndroidUiautomator2Driver@05e4 (9389d37c)][0m socket hang up
[38;5;48m[AndroidUiautomator2Driver@05e4 (9389d37c)][0m socket hang up
[38;5;48m[AndroidUiautomator2Driver@05e4 (9389d37c)][0m Determined the downstream protocol as 'W3C'
[38;5;48m[AndroidUiautomator2Driver@05e4 (9389d37c)][0m Screen already unlocked, doing nothing
[38;5;48m[AndroidUiautomator2Driver@05e4 (9389d37c)][0m Starting 'com.Advantage.aShopping/com.Advantage.aShopping.SplashActivity and waiting for 'com.Advantage.aShopping/com.Advantage.aShopping.SplashActivity'
[38;5;16m[AppiumDriver@ca88][0m New AndroidUiautomator2Driver session created successfully, session 9389d37c-8f93-4326-bcdc-316b2ef90e31 added to master session list
[38;5;0m[HTTP][0m [37m<-- POST /wd/hub/session [39m[32m200[39m [90m12795 ms - 1194[39m
[38;5;0m[HTTP][0m [90m[39m
[38;5;0m[HTTP][0m [37m-->[39m [37mGET[39m [37m/wd/hub/session/9389d37c-8f93-4326-bcdc-316b2ef90e31[39m
[38;5;0m[HTTP][0m [90m{}[39m
[38;5;0m[HTTP][0m [37m<-- GET /wd/hub/session/9389d37c-8f93-4326-bcdc-316b2ef90e31 [39m[32m200[39m [90m17 ms - 344[39m
[38;5;0m[HTTP][0m [90m[39m
[38;5;0m[HTTP][0m [37m-->[39m [37mGET[39m [37m/wd/hub/session/9389d37c-8f93-4326-bcdc-316b2ef90e31[39m
[38;5;0m[HTTP][0m [90m{}[39m
[38;5;0m[HTTP][0m [37m<-- GET /wd/hub/session/9389d37c-8f93-4326-bcdc-316b2ef90e31 [39m[32m200[39m [90m15 ms - 344[39m
[38;5;0m[HTTP][0m [90m[39m
[38;5;0m[HTTP][0m [37m-->[39m [37mGET[39m [37m/wd/hub/status[39m
[38;5;0m[HTTP][0m [90m{}[39m
[38;5;0m[HTTP][0m [37m<-- GET /wd/hub/status [39m[32m200[39m [90m1 ms - 110[39m
[38;5;0m[HTTP][0m [90m[39m
[38;5;0m[HTTP][0m [37m-->[39m [37mPOST[39m [37m/wd/hub/session/9389d37c-8f93-4326-bcdc-316b2ef90e31/timeouts[39m
[38;5;0m[HTTP][0m [90m{"implicit":60000}[39m
[38;5;0m[HTTP][0m [37m<-- POST /wd/hub/session/9389d37c-8f93-4326-bcdc-316b2ef90e31/timeouts [39m[32m200[39m [90m2 ms - 14[39m
[38;5;0m[HTTP][0m [90m[39m
[38;5;0m[HTTP][0m [37m-->[39m [37mGET[39m [37m/wd/hub/session/9389d37c-8f93-4326-bcdc-316b2ef90e31/source[39m
[38;5;0m[HTTP][0m [90m{}[39m
[38;5;48m[AndroidUiautomator2Driver@05e4 (9389d37c)][0m Driver proxy active, passing request on via HTTP proxy
[38;5;48m[AndroidUiautomator2Driver@05e4 (9389d37c)][0m Replacing sessionId f86b9eee-cccc-4514-a04a-c935b57023c5 with 9389d37c-8f93-4326-bcdc-316b2ef90e31
[38;5;0m[HTTP][0m [37m<-- GET /wd/hub/session/9389d37c-8f93-4326-bcdc-316b2ef90e31/source [39m[32m200[39m [90m154 ms - 5493[39m
[38;5;0m[HTTP][0m [90m[39m
[38;5;0m[HTTP][0m [37m-->[39m [37mGET[39m [37m/wd/hub/session/9389d37c-8f93-4326-bcdc-316b2ef90e31/screenshot[39m
[38;5;0m[HTTP][0m [90m{}[39m
[38;5;0m[HTTP][0m [37m<-- GET /wd/hub/session/9389d37c-8f93-4326-bcdc-316b2ef90e31/screenshot [39m[32m200[39m [90m1971 ms - 1614832[39m
[38;5;0m[HTTP][0m [90m[39m
[38;5;0m[HTTP][0m [37m-->[39m [37mGET[39m [37m/wd/hub/session/9389d37c-8f93-4326-bcdc-316b2ef90e31/source[39m
[38;5;0m[HTTP][0m [90m{}[39m
[38;5;48m[AndroidUiautomator2Driver@05e4 (9389d37c)][0m Driver proxy active, passing request on via HTTP proxy
[38;5;48m[AndroidUiautomator2Driver@05e4 (9389d37c)][0m Replacing sessionId f86b9eee-cccc-4514-a04a-c935b57023c5 with 9389d37c-8f93-4326-bcdc-316b2ef90e31
[38;5;0m[HTTP][0m [37m<-- GET /wd/hub/session/9389d37c-8f93-4326-bcdc-316b2ef90e31/source [39m[32m200[39m [90m259 ms - 15560[39m
[38;5;0m[HTTP][0m [90m[39m
[38;5;0m[HTTP][0m [37m-->[39m [37mGET[39m [37m/wd/hub/session/9389d37c-8f93-4326-bcdc-316b2ef90e31/screenshot[39m
[38;5;0m[HTTP][0m [90m{}[39m
[38;5;0m[HTTP][0m [37m<-- GET /wd/hub/session/9389d37c-8f93-4326-bcdc-316b2ef90e31/screenshot [39m[32m200[39m [90m1612 ms - 1300208[39m
[38;5;0m[HTTP][0m [90m[39m
[38;5;0m[HTTP][0m [37m-->[39m [37mPOST[39m [37m/wd/hub/session/9389d37c-8f93-4326-bcdc-316b2ef90e31/elements[39m
[38;5;0m[HTTP][0m [90m{"using":"xpath","value":"//*[@class = 'android.widget.EditText' and (@text = 'Search' or . = 'Search') and @resource-id = 'com.Advantage.aShopping:id/editTextSearch']"}[39m
[38;5;0m[HTTP][0m [37m<-- POST /wd/hub/session/9389d37c-8f93-4326-bcdc-316b2ef90e31/elements [39m[32m200[39m [90m1119 ms - 139[39m
[38;5;0m[HTTP][0m [90m[39m
[38;5;0m[HTTP][0m [37m-->[39m [37mPOST[39m [37m/wd/hub/session/9389d37c-8f93-4326-bcdc-316b2ef90e31/elements[39m
[38;5;0m[HTTP][0m [90m{"using":"xpath","value":"//*[@class = 'android.widget.LinearLayout' and @resource-id = 'com.Advantage.aShopping:id/linearLayoutSearch' and (@text = '' or . = '')]"}[39m
[38;5;0m[HTTP][0m [37m<-- POST /wd/hub/session/9389d37c-8f93-4326-bcdc-316b2ef90e31/elements [39m[32m200[39m [90m255 ms - 139[39m
[38;5;0m[HTTP][0m [90m[39m
[38;5;0m[HTTP][0m [37m-->[39m [37mDELETE[39m [37m/wd/hub/session/9389d37c-8f93-4326-bcdc-316b2ef90e31[39m
[38;5;0m[HTTP][0m [90m{}[39m
[38;5;16m[AppiumDriver@ca88][0m Removing session 9389d37c-8f93-4326-bcdc-316b2ef90e31 from our master session list
[38;5;48m[AndroidUiautomator2Driver@05e4 (9389d37c)][0m Did not get confirmation UiAutomator2 deleteSession worked; Error was: UnknownError: An unknown server-side error occurred while processing the command. Original error: 'DELETE /' cannot be proxied to UiAutomator2 server because the instrumentation process is not running (probably crashed). Check the server log and/or the logcat output for more details
[38;5;48m[AndroidUiautomator2Driver@05e4 (9389d37c)][0m Restoring hidden api policy to the device default configuration
[38;5;0m[HTTP][0m [37m<-- DELETE /wd/hub/session/9389d37c-8f93-4326-bcdc-316b2ef90e31 [39m[32m200[39m [90m306 ms - 14[39m
[38;5;0m[HTTP][0m [90m[39m
